# JRE version: Java(TM) SE Runtime Environment (17.0+35) (build 17+35-LTS-2724)
# Java VM: Java HotSpot(TM) 64-Bit Server VM (17+35-LTS-2724, mixed mode, sharing, tiered, compressed oops, compressed class ptrs, g1 gc, windows-amd64)
GC Precious Log:
 CPUs: 24 total, 24 available
 Memory: 65439M
 Large Page Support: Disabled
 NUMA Support: Disabled
 Compressed Oops: Enabled (32-bit)
 Heap Region Size: 1M
 Heap Min Capacity: 8M
 Heap Initial Capacity: 1G
 Heap Max Capacity: 1G
 Pre-touch: Disabled
 Parallel Workers: 18
 Concurrent Workers: 5
 Concurrent Refinement Workers: 18
 Periodic GC: Disabled
Heap:
 garbage-first heap   total 256000K, used 84407K [0x00000000c0000000, 0x0000000100000000)
  region size 1024K, 7 young (7168K), 1 survivors (1024K)
 Metaspace       used 10217K, committed 10368K, reserved 1064960K
  class space    used 1517K, committed 1600K, reserved 1048576K
GC Heap History (20 events):
Event: 456.740 GC heap before
{Heap before GC invocations=2107 (full 29):
 garbage-first heap   total 256000K, used 225721K [0x00000000c0000000, 0x0000000100000000)
  region size 1024K, 144 young (147456K), 1 survivors (1024K)
 Metaspace       used 10211K, committed 10368K, reserved 1064960K
  class space    used 1515K, committed 1600K, reserved 1048576K
}
Event: 456.740 GC heap after
{Heap after GC invocations=2108 (full 29):
 garbage-first heap   total 256000K, used 79295K [0x00000000c0000000, 0x0000000100000000)
  region size 1024K, 1 young (1024K), 1 survivors (1024K)
 Metaspace       used 10211K, committed 10368K, reserved 1064960K
  class space    used 1515K, committed 1600K, reserved 1048576K
}
Event: 457.028 GC heap before
{Heap before GC invocations=2108 (full 29):
 garbage-first heap   total 256000K, used 225727K [0x00000000c0000000, 0x0000000100000000)
  region size 1024K, 144 young (147456K), 1 survivors (1024K)
 Metaspace       used 10211K, committed 10368K, reserved 1064960K
  class space    used 1515K, committed 1600K, reserved 1048576K
}
Event: 457.028 GC heap after
{Heap after GC invocations=2109 (full 29):
 garbage-first heap   total 256000K, used 79285K [0x00000000c0000000, 0x0000000100000000)
  region size 1024K, 1 young (1024K), 1 survivors (1024K)
 Metaspace       used 10211K, committed 10368K, reserved 1064960K
  class space    used 1515K, committed 1600K, reserved 1048576K
}
Event: 457.316 GC heap before
{Heap before GC invocations=2109 (full 29):
 garbage-first heap   total 256000K, used 225717K [0x00000000c0000000, 0x0000000100000000)
  region size 1024K, 144 young (147456K), 1 survivors (1024K)
 Metaspace       used 10211K, committed 10368K, reserved 1064960K
  class space    used 1515K, committed 1600K, reserved 1048576K
}
Event: 457.317 GC heap after
{Heap after GC invocations=2110 (full 29):
 garbage-first heap   total 256000K, used 79287K [0x00000000c0000000, 0x0000000100000000)
  region size 1024K, 1 young (1024K), 1 survivors (1024K)
 Metaspace       used 10211K, committed 10368K, reserved 1064960K
  class space    used 1515K, committed 1600K, reserved 1048576K
}
Event: 457.607 GC heap before
{Heap before GC invocations=2110 (full 29):
 garbage-first heap   total 256000K, used 225719K [0x00000000c0000000, 0x0000000100000000)
  region size 1024K, 144 young (147456K), 1 survivors (1024K)
 Metaspace       used 10211K, committed 10368K, reserved 1064960K
  class space    used 1515K, committed 1600K, reserved 1048576K
}
Event: 457.608 GC heap after
{Heap after GC invocations=2111 (full 29):
 garbage-first heap   total 256000K, used 79289K [0x00000000c0000000, 0x0000000100000000)
  region size 1024K, 1 young (1024K), 1 survivors (1024K)
 Metaspace       used 10211K, committed 10368K, reserved 1064960K
  class space    used 1515K, committed 1600K, reserved 1048576K
}
Event: 457.896 GC heap before
{Heap before GC invocations=2111 (full 29):
 garbage-first heap   total 256000K, used 225721K [0x00000000c0000000, 0x0000000100000000)
  region size 1024K, 144 young (147456K), 1 survivors (1024K)
 Metaspace       used 10211K, committed 10368K, reserved 1064960K
  class space    used 1515K, committed 1600K, reserved 1048576K
}
Event: 457.897 GC heap after
{Heap after GC invocations=2112 (full 29):
 garbage-first heap   total 256000K, used 79289K [0x00000000c0000000, 0x0000000100000000)
  region size 1024K, 1 young (1024K), 1 survivors (1024K)
 Metaspace       used 10211K, committed 10368K, reserved 1064960K
  class space    used 1515K, committed 1600K, reserved 1048576K
}
Event: 458.193 GC heap before
{Heap before GC invocations=2112 (full 29):
 garbage-first heap   total 256000K, used 225721K [0x00000000c0000000, 0x0000000100000000)
  region size 1024K, 144 young (147456K), 1 survivors (1024K)
 Metaspace       used 10211K, committed 10368K, reserved 1064960K
  class space    used 1515K, committed 1600K, reserved 1048576K
}
Event: 458.193 GC heap after
{Heap after GC invocations=2113 (full 29):
 garbage-first heap   total 256000K, used 79287K [0x00000000c0000000, 0x0000000100000000)
  region size 1024K, 1 young (1024K), 1 survivors (1024K)
 Metaspace       used 10211K, committed 10368K, reserved 1064960K
  class space    used 1515K, committed 1600K, reserved 1048576K
}
Event: 458.482 GC heap before
{Heap before GC invocations=2113 (full 29):
 garbage-first heap   total 256000K, used 225719K [0x00000000c0000000, 0x0000000100000000)
  region size 1024K, 144 young (147456K), 1 survivors (1024K)
 Metaspace       used 10211K, committed 10368K, reserved 1064960K
  class space    used 1515K, committed 1600K, reserved 1048576K
}
Event: 458.483 GC heap after
{Heap after GC invocations=2114 (full 29):
 garbage-first heap   total 256000K, used 79291K [0x00000000c0000000, 0x0000000100000000)
  region size 1024K, 1 young (1024K), 1 survivors (1024K)
 Metaspace       used 10211K, committed 10368K, reserved 1064960K
  class space    used 1515K, committed 1600K, reserved 1048576K
}
Event: 458.774 GC heap before
{Heap before GC invocations=2114 (full 29):
 garbage-first heap   total 256000K, used 225723K [0x00000000c0000000, 0x0000000100000000)
  region size 1024K, 144 young (147456K), 1 survivors (1024K)
 Metaspace       used 10211K, committed 10368K, reserved 1064960K
  class space    used 1515K, committed 1600K, reserved 1048576K
}
Event: 458.775 GC heap after
{Heap after GC invocations=2115 (full 29):
 garbage-first heap   total 256000K, used 79298K [0x00000000c0000000, 0x0000000100000000)
  region size 1024K, 1 young (1024K), 1 survivors (1024K)
 Metaspace       used 10211K, committed 10368K, reserved 1064960K
  class space    used 1515K, committed 1600K, reserved 1048576K
}
Event: 459.071 GC heap before
{Heap before GC invocations=2115 (full 29):
 garbage-first heap   total 256000K, used 225730K [0x00000000c0000000, 0x0000000100000000)
  region size 1024K, 144 young (147456K), 1 survivors (1024K)
 Metaspace       used 10211K, committed 10368K, reserved 1064960K
  class space    used 1515K, committed 1600K, reserved 1048576K
}
Event: 459.072 GC heap after
{Heap after GC invocations=2116 (full 29):
 garbage-first heap   total 256000K, used 79291K [0x00000000c0000000, 0x0000000100000000)
  region size 1024K, 1 young (1024K), 1 survivors (1024K)
 Metaspace       used 10211K, committed 10368K, reserved 1064960K
  class space    used 1515K, committed 1600K, reserved 1048576K
}
Event: 459.366 GC heap before
{Heap before GC invocations=2116 (full 29):
 garbage-first heap   total 256000K, used 225723K [0x00000000c0000000, 0x0000000100000000)
  region size 1024K, 144 young (147456K), 1 survivors (1024K)
 Metaspace       used 10211K, committed 10368K, reserved 1064960K
  class space    used 1515K, committed 1600K, reserved 1048576K
}
Event: 459.366 GC heap after
{Heap after GC invocations=2117 (full 29):
 garbage-first heap   total 256000K, used 79287K [0x00000000c0000000, 0x0000000100000000)
  region size 1024K, 1 young (1024K), 1 survivors (1024K)
 Metaspace       used 10211K, committed 10368K, reserved 1064960K
  class space    used 1515K, committed 1600K, reserved 1048576K
}

